c:\users\user\documents\visual studio 2017\projects\spovm\debug\asyncfileoperations.lib
c:\users\user\documents\visual studio 2017\projects\spovm\debug\asyncfileoperations.exp
c:\users\user\documents\visual studio 2017\projects\spovm\asyncfileoperations\debug\asyncfileoperations.pch
c:\users\user\documents\visual studio 2017\projects\spovm\asyncfileoperations\debug\vc141.pdb
c:\users\user\documents\visual studio 2017\projects\spovm\asyncfileoperations\debug\vc141.idb
c:\users\user\documents\visual studio 2017\projects\spovm\asyncfileoperations\debug\stdafx.obj
c:\users\user\documents\visual studio 2017\projects\spovm\asyncfileoperations\debug\incapsulatedwinapifunctions.obj
c:\users\user\documents\visual studio 2017\projects\spovm\asyncfileoperations\debug\iasyncfileoperations.obj
c:\users\user\documents\visual studio 2017\projects\spovm\asyncfileoperations\debug\dllmain.obj
c:\users\user\documents\visual studio 2017\projects\spovm\asyncfileoperations\debug\asyncfileoperations.obj
c:\users\user\documents\visual studio 2017\projects\spovm\debug\asyncfileoperations.dll
c:\users\user\documents\visual studio 2017\projects\spovm\debug\asyncfileoperations.ilk
c:\users\user\documents\visual studio 2017\projects\spovm\debug\asyncfileoperations.pdb
c:\users\user\documents\visual studio 2017\projects\spovm\asyncfileoperations\debug\asyncfil.6c1dac47.tlog\asyncfileoperations.write.1u.tlog
c:\users\user\documents\visual studio 2017\projects\spovm\asyncfileoperations\debug\asyncfil.6c1dac47.tlog\cl.command.1.tlog
c:\users\user\documents\visual studio 2017\projects\spovm\asyncfileoperations\debug\asyncfil.6c1dac47.tlog\cl.read.1.tlog
c:\users\user\documents\visual studio 2017\projects\spovm\asyncfileoperations\debug\asyncfil.6c1dac47.tlog\cl.write.1.tlog
c:\users\user\documents\visual studio 2017\projects\spovm\asyncfileoperations\debug\asyncfil.6c1dac47.tlog\link.command.1.tlog
c:\users\user\documents\visual studio 2017\projects\spovm\asyncfileoperations\debug\asyncfil.6c1dac47.tlog\link.read.1.tlog
c:\users\user\documents\visual studio 2017\projects\spovm\asyncfileoperations\debug\asyncfil.6c1dac47.tlog\link.write.1.tlog
